<?xml version="1.0" encoding="UTF-8"?>
<!-- Generated by org.testng.reporters.JUnitReportReporter -->
<testsuite hostname="LAPTOP-ME9N52HR" failures="0" tests="1" name="com.vtiger.contacts.CreateContactWithOrganizationTest" time="34.084" errors="0" timestamp="2023-01-02T06:09:49 IST" skipped="0">
  <testcase classname="com.vtiger.contacts.CreateContactWithOrganizationTest" name="createContactWithOrganizationTest" time="34.084"/>
  <system-out/>
</testsuite> <!-- com.vtiger.contacts.CreateContactWithOrganizationTest -->
