<?xml version="1.0" encoding="UTF-8"?>
<!-- Generated by org.testng.reporters.JUnitReportReporter -->
<testsuite hostname="LAPTOP-ME9N52HR" failures="0" tests="1" name="com.sdet44.practice.TestNGPractice5" time="10.193" errors="0" timestamp="2022-12-15T14:11:51 IST" skipped="0">
  <testcase classname="com.sdet44.practice.TestNGPractice5" name="contactModuleTestCase" time="10.193"/>
  <system-out/>
</testsuite> <!-- com.sdet44.practice.TestNGPractice5 -->
