<?xml version="1.0" encoding="UTF-8"?>
<!-- Generated by org.testng.reporters.JUnitReportReporter -->
<testsuite hostname="LAPTOP-ME9N52HR" failures="0" tests="1" name="com.sdet44.practice.TestNGPractice6" time="11.317" errors="0" timestamp="2022-12-15T14:11:51 IST" skipped="0">
  <testcase classname="com.sdet44.practice.TestNGPractice6" name="organizationModuleTestCase" time="11.317"/>
  <system-out/>
</testsuite> <!-- com.sdet44.practice.TestNGPractice6 -->
