<?xml version="1.0" encoding="UTF-8"?>
<!-- Generated by org.testng.reporters.JUnitReportReporter -->
<testsuite hostname="testinglaptop" failures="0" tests="1" name="com.sdet44.practice.TestNGPractice4" time="5.952" errors="0" timestamp="2022-12-14T16:22:37 IST" skipped="0">
  <testcase classname="com.sdet44.practice.TestNGPractice4" name="calenderModuleTestCase" time="5.952"/>
  <system-out/>
</testsuite> <!-- com.sdet44.practice.TestNGPractice4 -->
